\BOOKMARK [0][]{titulo.0}{\376\377\000F\000a\000c\000e\000\040\000P\000a\000g\000e}{}% 1
\BOOKMARK [0][]{aprovacao.0}{\376\377\000T\000h\000e\000s\000i\000s\000\040\000C\000o\000m\000m\000i\000t\000t\000e\000e\000\040\000C\000o\000m\000p\000o\000s\000i\000t\000i\000o\000n\000:}{}% 2
\BOOKMARK [0][]{dedication.0}{\376\377\000D\000e\000d\000i\000c\000a\000t\000i\000o\000n}{}% 3
\BOOKMARK [0][]{acknowledgment.0}{\376\377\000A\000c\000k\000n\000o\000w\000l\000e\000d\000g\000m\000e\000n\000t\000s}{}% 4
\BOOKMARK [0][]{epigrafe.0}{\376\377\000E\000p\000i\000g\000r\000a\000p\000h}{}% 5
\BOOKMARK [0][]{resumo.0}{\376\377\000R\000e\000s\000u\000m\000o}{}% 6
\BOOKMARK [0][]{abstract.0}{\376\377\000A\000b\000s\000t\000r\000a\000c\000t}{}% 7
\BOOKMARK [0][]{listafiguras.0}{\376\377\000L\000i\000s\000t\000\040\000o\000f\000\040\000F\000i\000g\000u\000r\000e\000s}{}% 8
\BOOKMARK [0][]{listaabreviaturas.0}{\376\377\000L\000i\000s\000t\000\040\000o\000f\000\040\000A\000b\000b\000r\000e\000v\000i\000a\000t\000i\000o\000n\000s\000\040\000a\000n\000d\000\040\000A\000c\000r\000o\000n\000y\000m\000s}{}% 9
\BOOKMARK [0][]{contents.0}{\376\377\000C\000o\000n\000t\000e\000n\000t\000s}{}% 10
\BOOKMARK [0][]{chapter.1}{\376\377\0001\000\040\000I\000n\000t\000r\000o\000d\000u\000c\000t\000i\000o\000n}{}% 11
\BOOKMARK [0][]{chapter.2}{\376\377\0002\000\040\000T\000h\000e\000o\000r\000e\000t\000i\000c\000a\000l\000\040\000B\000a\000c\000k\000g\000r\000o\000u\000n\000d}{}% 12
\BOOKMARK [1][]{section.2.1}{\376\377\0002\000.\0001\000\040\000R\000e\000m\000o\000t\000e\000\040\000s\000e\000n\000s\000i\000n\000g\000\040\000a\000n\000d\000\040\000S\000A\000R\000\040\000i\000m\000a\000g\000i\000n\000g}{chapter.2}% 13
\BOOKMARK [2][]{subsection.2.1.1}{\376\377\0002\000.\0001\000.\0001\000\040\000S\000A\000R\000\040\000I\000m\000a\000g\000e\000\040\000G\000e\000o\000c\000o\000d\000i\000n\000g}{section.2.1}% 14
\BOOKMARK [1][]{section.2.2}{\376\377\0002\000.\0002\000\040\000S\000A\000R\000\040\000I\000n\000t\000e\000r\000f\000e\000r\000o\000m\000e\000t\000r\000y}{chapter.2}% 15
\BOOKMARK [2][]{subsection.2.2.1}{\376\377\0002\000.\0002\000.\0001\000\040\000H\000e\000i\000g\000h\000t\000\040\000a\000c\000q\000u\000i\000s\000i\000t\000i\000o\000n\000\040\000a\000n\000d\000\040\000i\000n\000t\000e\000r\000f\000e\000r\000o\000g\000r\000a\000m\000\040\000e\000q\000u\000a\000t\000i\000o\000n\000s}{section.2.2}% 16
\BOOKMARK [2][]{subsection.2.2.2}{\376\377\0002\000.\0002\000.\0002\000\040\000T\000h\000e\000\040\000C\000o\000m\000p\000l\000e\000x\000\040\000I\000n\000t\000e\000r\000f\000e\000r\000o\000m\000e\000t\000r\000i\000c\000\040\000C\000o\000h\000e\000r\000e\000n\000c\000e}{section.2.2}% 17
\BOOKMARK [2][]{subsection.2.2.3}{\376\377\0002\000.\0002\000.\0003\000\040\000C\000o\000-\000r\000e\000g\000i\000s\000t\000r\000a\000t\000i\000o\000n}{section.2.2}% 18
\BOOKMARK [2][]{subsection.2.2.4}{\376\377\0002\000.\0002\000.\0004\000\040\000D\000e\000c\000o\000r\000r\000e\000l\000a\000t\000i\000o\000n\000\040\000i\000n\000\040\000V\000e\000g\000e\000t\000a\000t\000e\000d\000\040\000A\000r\000e\000a\000s}{section.2.2}% 19
\BOOKMARK [0][]{chapter.3}{\376\377\0003\000\040\000C\000l\000a\000s\000s\000i\000f\000i\000c\000a\000t\000i\000o\000n\000\040\000M\000a\000p\000s\000\040\000g\000e\000n\000e\000r\000a\000t\000e\000d\000\040\000w\000i\000t\000h\000\040\000S\000A\000R\000\040\000I\000m\000a\000g\000e\000s}{}% 20
\BOOKMARK [0][]{chapter.4}{\376\377\0004\000\040\000M\000a\000t\000e\000r\000i\000a\000l}{}% 21
\BOOKMARK [1][]{section.4.1}{\376\377\0004\000.\0001\000\040\000T\000e\000s\000t\000\040\000A\000r\000e\000a\000:\000\040\000T\000h\000e\000\040\000R\000o\000n\000d\000o\000n\000i\000a\000\040\000S\000t\000a\000t\000e}{chapter.4}% 22
\BOOKMARK [1][]{section.4.2}{\376\377\0004\000.\0002\000\040\000T\000a\000n\000D\000E\000M\000-\000X\000\040\000d\000a\000t\000a\000s\000e\000t\000s}{chapter.4}% 23
\BOOKMARK [1][]{section.4.3}{\376\377\0004\000.\0003\000\040\000S\000e\000n\000t\000i\000n\000e\000l\000-\0001\000\040\000d\000a\000t\000a\000s\000e\000t\000s}{chapter.4}% 24
\BOOKMARK [0][]{chapter.5}{\376\377\0005\000\040\000T\000e\000x\000t\000u\000r\000e\000s\000\040\000M\000e\000t\000h\000o\000d\000s\000\040\000f\000o\000r\000\040\000I\000m\000a\000g\000e\000\040\000A\000n\000a\000l\000y\000s\000i\000s}{}% 25
\BOOKMARK [1][]{section.5.1}{\376\377\0005\000.\0001\000\040\000M\000a\000c\000h\000i\000n\000e\000\040\000L\000e\000a\000r\000n\000i\000n\000g\000\040\000a\000n\000d\000\040\000t\000h\000e\000\040\000p\000r\000o\000b\000l\000e\000m\000s\000\040\000f\000o\000r\000\040\000c\000l\000a\000s\000s\000i\000f\000i\000c\000a\000t\000i\000o\000n}{chapter.5}% 26
\BOOKMARK [1][]{section.5.2}{\376\377\0005\000.\0002\000\040\000T\000e\000x\000t\000u\000r\000e\000s\000\040\000M\000e\000t\000h\000o\000d\000s}{chapter.5}% 27
\BOOKMARK [1][]{section.5.3}{\376\377\0005\000.\0003\000\040\000T\000h\000e\000\040\000G\000L\000C\000M\000\040\000M\000e\000t\000h\000o\000d}{chapter.5}% 28
\BOOKMARK [1][]{section.5.4}{\376\377\0005\000.\0004\000\040\000T\000h\000e\000\040\000L\000a\000w\000s\000\040\000T\000e\000x\000t\000u\000r\000e\000s}{chapter.5}% 29
\BOOKMARK [1][]{section.5.5}{\376\377\0005\000.\0005\000\040\000T\000h\000e\000\040\000S\000u\000m\000\040\000a\000n\000d\000\040\000D\000i\000f\000f\000e\000r\000e\000n\000c\000e\000\040\000H\000i\000s\000t\000o\000g\000r\000a\000m\000s\000\040\000T\000e\000x\000t\000u\000r\000e}{chapter.5}% 30
\BOOKMARK [2][]{subsection.5.5.1}{\376\377\0005\000.\0005\000.\0001\000\040\000T\000h\000e\000\040\000S\000i\000n\000g\000l\000e\000\040\000V\000a\000l\000u\000e\000\040\000D\000e\000c\000o\000m\000p\000o\000s\000i\000t\000i\000o\000n}{section.5.5}% 31
\BOOKMARK [2][]{subsection.5.5.2}{\376\377\0005\000.\0005\000.\0002\000\040\000A\000p\000p\000r\000o\000x\000i\000m\000a\000t\000i\000o\000n\000\040\000o\000f\000\040\000P\000r\000o\000b\000a\000b\000i\000l\000i\000t\000y\000\040\000D\000e\000n\000s\000i\000t\000y\000\040\000F\000u\000n\000c\000t\000i\000o\000n\000s}{section.5.5}% 32
\BOOKMARK [2][]{subsection.5.5.3}{\376\377\0005\000.\0005\000.\0003\000\040\000T\000e\000x\000t\000u\000r\000e\000s\000\040\000F\000e\000a\000t\000u\000r\000e\000s}{section.5.5}% 33
\BOOKMARK [0][]{chapter.6}{\376\377\0006\000\040\000A\000n\000a\000l\000y\000s\000i\000s\000\040\000o\000f\000\040\000T\000e\000x\000t\000u\000r\000e\000\040\000R\000e\000s\000u\000l\000t\000s}{}% 34
\BOOKMARK [1][]{section.6.1}{\376\377\0006\000.\0001\000\040\000T\000h\000e\000\040\000G\000L\000C\000M\000\040\000T\000e\000x\000t\000u\000r\000e\000s}{chapter.6}% 35
\BOOKMARK [2][]{subsection.6.1.1}{\376\377\0006\000.\0001\000.\0001\000\040\000T\000h\000e\000\040\000D\000i\000s\000p\000l\000a\000c\000e\000m\000e\000n\000t\000\040\000V\000e\000c\000t\000o\000r}{section.6.1}% 36
\BOOKMARK [2][]{subsection.6.1.2}{\376\377\0006\000.\0001\000.\0002\000\040\000T\000h\000e\000\040\000G\000L\000C\000M\000\040\000t\000e\000x\000t\000u\000r\000e\000s\000\040\000r\000e\000s\000u\000l\000t\000s}{section.6.1}% 37
\BOOKMARK [1][]{section.6.2}{\376\377\0006\000.\0002\000\040\000T\000h\000e\000\040\000L\000a\000w\000s\000\040\000T\000e\000x\000t\000u\000r\000e\000s\000\040\000r\000e\000s\000u\000l\000t\000s}{chapter.6}% 38
\BOOKMARK [1][]{section.6.3}{\376\377\0006\000.\0003\000\040\000S\000u\000m\000\040\000A\000n\000d\000\040\000D\000i\000f\000f\000e\000r\000e\000n\000c\000e\000\040\000H\000i\000s\000t\000o\000g\000r\000a\000m\000s\000\040\000T\000e\000x\000t\000u\000r\000e\000s}{chapter.6}% 39
\BOOKMARK [0][]{chapter.7}{\376\377\0007\000\040\000C\000l\000a\000s\000s\000i\000f\000i\000c\000a\000t\000i\000o\000n\000\040\000R\000e\000s\000u\000l\000t\000s}{}% 40
\BOOKMARK [1][]{section.7.1}{\376\377\0007\000.\0001\000\040\000T\000A\000N\000D\000E\000M\000-\000X\000\040\000D\000a\000t\000a\000\040\000A\000n\000a\000l\000y\000s\000i\000s}{chapter.7}% 41
\BOOKMARK [1][]{section.7.2}{\376\377\0007\000.\0002\000\040\000S\000e\000n\000t\000i\000n\000e\000l\0001\000\040\000D\000a\000t\000a\000\040\000A\000n\000a\000l\000y\000s\000i\000s}{chapter.7}% 42
\BOOKMARK [1][]{section.7.3}{\376\377\0007\000.\0003\000\040\000P\000e\000r\000f\000o\000r\000m\000a\000n\000c\000e\000\040\000o\000f\000\040\000R\000a\000n\000d\000o\000m\000\040\000f\000o\000r\000e\000s\000t\000\040\000a\000n\000d\000\040\000p\000a\000r\000a\000m\000e\000t\000e\000r\000s\000\040\000t\000u\000n\000i\000n\000g}{chapter.7}% 43
\BOOKMARK [0][]{chapter.8}{\376\377\0008\000\040\000A\000p\000p\000l\000i\000c\000a\000t\000i\000o\000n\000\040\000o\000f\000\040\000T\000e\000x\000t\000u\000r\000a\000l\000\040\000m\000e\000t\000h\000o\000d\000s\000\040\000t\000o\000\040\000C\000h\000a\000n\000g\000e\000\040\000D\000e\000t\000e\000c\000t\000i\000o\000n\000\040\000A\000l\000g\000o\000r\000i\000t\000h\000m\000s}{}% 44
\BOOKMARK [1][]{section.8.1}{\376\377\0008\000.\0001\000\040\000S\000u\000m\000m\000a\000r\000y}{chapter.8}% 45
\BOOKMARK [1][]{section.8.2}{\376\377\0008\000.\0002\000\040\000W\000a\000v\000e\000l\000e\000n\000g\000t\000h\000\040\000R\000e\000s\000o\000l\000u\000t\000i\000o\000n\000\040\000S\000A\000R\000\040\000S\000y\000s\000t\000e\000m\000s}{chapter.8}% 46
\BOOKMARK [1][]{section.8.3}{\376\377\0008\000.\0003\000\040\000T\000h\000e\000\040\000C\000a\000r\000a\000b\000a\000s\000-\000I\000I\000\040\000D\000a\000t\000a\000s\000e\000t}{chapter.8}% 47
\BOOKMARK [0][]{chapter.9}{\376\377\000B\000i\000b\000l\000i\000o\000g\000r\000a\000p\000h\000y}{}% 48
\BOOKMARK [0][]{chapter.10}{\376\377\000G\000l\000o\000s\000s\000a\000r\000y}{}% 49
\BOOKMARK [0][]{bla.0}{\376\377\000F\000o\000l\000h\000a\000\040\000d\000e\000\040\000R\000e\000g\000i\000s\000t\000r\000o\000\040\000d\000o\000\040\000D\000o\000c\000u\000m\000e\000n\000t\000o}{}% 50
